{"/Users/vishnuarjun/Documents/Internships/Build With Innovation/backend/index.js": {"path":"/Users/vishnuarjun/Documents/Internships/Build With Innovation/backend/index.js","statementMap":{"0":{"start":{"line":9,"column":0},"end":{"line":9,"column":16}},"1":{"start":{"line":11,"column":12},"end":{"line":11,"column":21}},"2":{"start":{"line":12,"column":15},"end":{"line":12,"column":32}},"3":{"start":{"line":14,"column":20},"end":{"line":17,"column":1}},"4":{"start":{"line":19,"column":0},"end":{"line":19,"column":16}},"5":{"start":{"line":20,"column":0},"end":{"line":20,"column":24}},"6":{"start":{"line":21,"column":0},"end":{"line":21,"column":24}},"7":{"start":{"line":23,"column":0},"end":{"line":31,"column":3}},"8":{"start":{"line":24,"column":2},"end":{"line":30,"column":3}},"9":{"start":{"line":25,"column":24},"end":{"line":25,"column":86}},"10":{"start":{"line":26,"column":4},"end":{"line":26,"column":54}},"11":{"start":{"line":28,"column":24},"end":{"line":28,"column":100}},"12":{"start":{"line":29,"column":4},"end":{"line":29,"column":53}},"13":{"start":{"line":33,"column":0},"end":{"line":33,"column":33}},"14":{"start":{"line":34,"column":0},"end":{"line":34,"column":35}},"15":{"start":{"line":44,"column":85},"end":{"line":44,"column":37582}},"16":{"start":{"line":44,"column":89},"end":{"line":44,"column":37571}}},"fnMap":{"0":{"name":"(anonymous_0)","decl":{"start":{"line":23,"column":13},"end":{"line":23,"column":14}},"loc":{"start":{"line":23,"column":32},"end":{"line":31,"column":1}},"line":23},"1":{"name":"oo_cm","decl":{"start":{"line":44,"column":77},"end":{"line":44,"column":82}},"loc":{"start":{"line":44,"column":84},"end":{"line":44,"column":37583}},"line":44}},"branchMap":{"0":{"loc":{"start":{"line":44,"column":96},"end":{"line":44,"column":37570}},"type":"binary-expr","locations":[{"start":{"line":44,"column":96},"end":{"line":44,"column":133}},{"start":{"line":44,"column":137},"end":{"line":44,"column":37570}}],"line":44}},"s":{"0":3,"1":3,"2":3,"3":3,"4":3,"5":3,"6":3,"7":3,"8":1,"9":1,"10":1,"11":0,"12":0,"13":3,"14":3,"15":1,"16":1},"f":{"0":1,"1":1},"b":{"0":[1,1]},"_coverageSchema":"1a1c01bbd47fc00a2c39e90264f33305004495a9","hash":"822d9d3158f34d31150d27f8066147e24c35af60"}
,"/Users/vishnuarjun/Documents/Internships/Build With Innovation/backend/controllers/user.controller.js": {"path":"/Users/vishnuarjun/Documents/Internships/Build With Innovation/backend/controllers/user.controller.js","statementMap":{"0":{"start":{"line":5,"column":23},"end":{"line":21,"column":1}},"1":{"start":{"line":6,"column":2},"end":{"line":20,"column":3}},"2":{"start":{"line":7,"column":18},"end":{"line":7,"column":40}},"3":{"start":{"line":8,"column":4},"end":{"line":14,"column":7}},"4":{"start":{"line":9,"column":6},"end":{"line":12,"column":7}},"5":{"start":{"line":10,"column":28},"end":{"line":10,"column":79}},"6":{"start":{"line":11,"column":8},"end":{"line":11,"column":60}},"7":{"start":{"line":13,"column":6},"end":{"line":13,"column":48}},"8":{"start":{"line":16,"column":24},"end":{"line":16,"column":75}},"9":{"start":{"line":17,"column":4},"end":{"line":19,"column":7}},"10":{"start":{"line":23,"column":23},"end":{"line":34,"column":1}},"11":{"start":{"line":24,"column":2},"end":{"line":33,"column":3}},"12":{"start":{"line":25,"column":18},"end":{"line":25,"column":40}},"13":{"start":{"line":26,"column":22},"end":{"line":26,"column":63}},"14":{"start":{"line":27,"column":19},"end":{"line":27,"column":35}},"15":{"start":{"line":28,"column":21},"end":{"line":28,"column":44}},"16":{"start":{"line":29,"column":4},"end":{"line":29,"column":76}},"17":{"start":{"line":31,"column":24},"end":{"line":31,"column":108}},"18":{"start":{"line":32,"column":4},"end":{"line":32,"column":71}},"19":{"start":{"line":36,"column":25},"end":{"line":71,"column":1}},"20":{"start":{"line":37,"column":2},"end":{"line":70,"column":3}},"21":{"start":{"line":38,"column":42},"end":{"line":38,"column":50}},"22":{"start":{"line":39,"column":24},"end":{"line":39,"column":97}},"23":{"start":{"line":40,"column":22},"end":{"line":40,"column":76}},"24":{"start":{"line":41,"column":24},"end":{"line":41,"column":81}},"25":{"start":{"line":42,"column":4},"end":{"line":66,"column":5}},"26":{"start":{"line":43,"column":28},"end":{"line":43,"column":78}},"27":{"start":{"line":45,"column":6},"end":{"line":63,"column":7}},"28":{"start":{"line":46,"column":38},"end":{"line":46,"column":52}},"29":{"start":{"line":47,"column":22},"end":{"line":50,"column":9}},"30":{"start":{"line":51,"column":8},"end":{"line":58,"column":13}},"31":{"start":{"line":60,"column":8},"end":{"line":62,"column":68}},"32":{"start":{"line":65,"column":6},"end":{"line":65,"column":71}},"33":{"start":{"line":68,"column":24},"end":{"line":68,"column":77}},"34":{"start":{"line":69,"column":4},"end":{"line":69,"column":76}},"35":{"start":{"line":73,"column":28},"end":{"line":103,"column":1}},"36":{"start":{"line":74,"column":2},"end":{"line":102,"column":3}},"37":{"start":{"line":75,"column":62},"end":{"line":75,"column":70}},"38":{"start":{"line":76,"column":24},"end":{"line":76,"column":117}},"39":{"start":{"line":77,"column":17},"end":{"line":77,"column":71}},"40":{"start":{"line":78,"column":24},"end":{"line":78,"column":76}},"41":{"start":{"line":79,"column":4},"end":{"line":83,"column":5}},"42":{"start":{"line":80,"column":6},"end":{"line":82,"column":67}},"43":{"start":{"line":84,"column":27},"end":{"line":84,"column":58}},"44":{"start":{"line":85,"column":20},"end":{"line":90,"column":6}},"45":{"start":{"line":91,"column":4},"end":{"line":93,"column":5}},"46":{"start":{"line":92,"column":6},"end":{"line":92,"column":38}},"47":{"start":{"line":94,"column":22},"end":{"line":94,"column":42}},"48":{"start":{"line":95,"column":24},"end":{"line":95,"column":95}},"49":{"start":{"line":96,"column":4},"end":{"line":96,"column":79}},"50":{"start":{"line":98,"column":24},"end":{"line":98,"column":77}},"51":{"start":{"line":99,"column":4},"end":{"line":101,"column":63}},"52":{"start":{"line":105,"column":23},"end":{"line":115,"column":1}},"53":{"start":{"line":106,"column":2},"end":{"line":114,"column":3}},"54":{"start":{"line":107,"column":4},"end":{"line":110,"column":58}},"55":{"start":{"line":112,"column":24},"end":{"line":112,"column":79}},"56":{"start":{"line":113,"column":4},"end":{"line":113,"column":70}},"57":{"start":{"line":117,"column":26},"end":{"line":132,"column":1}},"58":{"start":{"line":118,"column":2},"end":{"line":131,"column":3}},"59":{"start":{"line":119,"column":24},"end":{"line":119,"column":87}},"60":{"start":{"line":120,"column":24},"end":{"line":120,"column":67}},"61":{"start":{"line":121,"column":4},"end":{"line":124,"column":7}},"62":{"start":{"line":126,"column":24},"end":{"line":126,"column":79}},"63":{"start":{"line":127,"column":4},"end":{"line":130,"column":7}},"64":{"start":{"line":134,"column":26},"end":{"line":177,"column":1}},"65":{"start":{"line":135,"column":2},"end":{"line":176,"column":3}},"66":{"start":{"line":136,"column":47},"end":{"line":136,"column":55}},"67":{"start":{"line":137,"column":24},"end":{"line":137,"column":117}},"68":{"start":{"line":138,"column":24},"end":{"line":138,"column":93}},"69":{"start":{"line":140,"column":23},"end":{"line":143,"column":5}},"70":{"start":{"line":146,"column":4},"end":{"line":151,"column":5}},"71":{"start":{"line":148,"column":23},"end":{"line":148,"column":54}},"72":{"start":{"line":150,"column":6},"end":{"line":150,"column":41}},"73":{"start":{"line":153,"column":22},"end":{"line":157,"column":5}},"74":{"start":{"line":159,"column":4},"end":{"line":165,"column":5}},"75":{"start":{"line":160,"column":23},"end":{"line":163,"column":7}},"76":{"start":{"line":164,"column":6},"end":{"line":164,"column":61}},"77":{"start":{"line":167,"column":24},"end":{"line":167,"column":103}},"78":{"start":{"line":168,"column":4},"end":{"line":172,"column":7}},"79":{"start":{"line":174,"column":24},"end":{"line":174,"column":79}},"80":{"start":{"line":175,"column":4},"end":{"line":175,"column":58}},"81":{"start":{"line":184,"column":85},"end":{"line":184,"column":37582}},"82":{"start":{"line":184,"column":89},"end":{"line":184,"column":37571}}},"fnMap":{"0":{"name":"(anonymous_0)","decl":{"start":{"line":5,"column":23},"end":{"line":5,"column":24}},"loc":{"start":{"line":5,"column":42},"end":{"line":21,"column":1}},"line":5},"1":{"name":"(anonymous_1)","decl":{"start":{"line":8,"column":46},"end":{"line":8,"column":47}},"loc":{"start":{"line":8,"column":61},"end":{"line":14,"column":5}},"line":8},"2":{"name":"(anonymous_2)","decl":{"start":{"line":23,"column":23},"end":{"line":23,"column":24}},"loc":{"start":{"line":23,"column":49},"end":{"line":34,"column":1}},"line":23},"3":{"name":"(anonymous_3)","decl":{"start":{"line":36,"column":25},"end":{"line":36,"column":26}},"loc":{"start":{"line":36,"column":50},"end":{"line":71,"column":1}},"line":36},"4":{"name":"(anonymous_4)","decl":{"start":{"line":73,"column":28},"end":{"line":73,"column":29}},"loc":{"start":{"line":73,"column":53},"end":{"line":103,"column":1}},"line":73},"5":{"name":"(anonymous_5)","decl":{"start":{"line":105,"column":23},"end":{"line":105,"column":24}},"loc":{"start":{"line":105,"column":49},"end":{"line":115,"column":1}},"line":105},"6":{"name":"(anonymous_6)","decl":{"start":{"line":117,"column":26},"end":{"line":117,"column":27}},"loc":{"start":{"line":117,"column":51},"end":{"line":132,"column":1}},"line":117},"7":{"name":"(anonymous_7)","decl":{"start":{"line":134,"column":26},"end":{"line":134,"column":27}},"loc":{"start":{"line":134,"column":51},"end":{"line":177,"column":1}},"line":134},"8":{"name":"oo_cm","decl":{"start":{"line":184,"column":77},"end":{"line":184,"column":82}},"loc":{"start":{"line":184,"column":84},"end":{"line":184,"column":37583}},"line":184}},"branchMap":{"0":{"loc":{"start":{"line":9,"column":6},"end":{"line":12,"column":7}},"type":"if","locations":[{"start":{"line":9,"column":6},"end":{"line":12,"column":7}},{"start":{},"end":{}}],"line":9},"1":{"loc":{"start":{"line":42,"column":4},"end":{"line":66,"column":5}},"type":"if","locations":[{"start":{"line":42,"column":4},"end":{"line":66,"column":5}},{"start":{"line":64,"column":11},"end":{"line":66,"column":5}}],"line":42},"2":{"loc":{"start":{"line":45,"column":6},"end":{"line":63,"column":7}},"type":"if","locations":[{"start":{"line":45,"column":6},"end":{"line":63,"column":7}},{"start":{"line":59,"column":13},"end":{"line":63,"column":7}}],"line":45},"3":{"loc":{"start":{"line":79,"column":4},"end":{"line":83,"column":5}},"type":"if","locations":[{"start":{"line":79,"column":4},"end":{"line":83,"column":5}},{"start":{},"end":{}}],"line":79},"4":{"loc":{"start":{"line":91,"column":4},"end":{"line":93,"column":5}},"type":"if","locations":[{"start":{"line":91,"column":4},"end":{"line":93,"column":5}},{"start":{},"end":{}}],"line":91},"5":{"loc":{"start":{"line":146,"column":4},"end":{"line":151,"column":5}},"type":"if","locations":[{"start":{"line":146,"column":4},"end":{"line":151,"column":5}},{"start":{},"end":{}}],"line":146},"6":{"loc":{"start":{"line":159,"column":4},"end":{"line":165,"column":5}},"type":"if","locations":[{"start":{"line":159,"column":4},"end":{"line":165,"column":5}},{"start":{},"end":{}}],"line":159},"7":{"loc":{"start":{"line":184,"column":96},"end":{"line":184,"column":37570}},"type":"binary-expr","locations":[{"start":{"line":184,"column":96},"end":{"line":184,"column":133}},{"start":{"line":184,"column":137},"end":{"line":184,"column":37570}}],"line":184}},"s":{"0":3,"1":0,"2":0,"3":0,"4":0,"5":0,"6":0,"7":0,"8":0,"9":0,"10":3,"11":0,"12":0,"13":0,"14":0,"15":0,"16":0,"17":0,"18":0,"19":3,"20":4,"21":4,"22":4,"23":4,"24":4,"25":4,"26":3,"27":3,"28":3,"29":3,"30":3,"31":0,"32":1,"33":0,"34":0,"35":3,"36":2,"37":2,"38":2,"39":2,"40":2,"41":2,"42":1,"43":1,"44":1,"45":1,"46":0,"47":1,"48":1,"49":1,"50":0,"51":0,"52":3,"53":0,"54":0,"55":0,"56":0,"57":3,"58":0,"59":0,"60":0,"61":0,"62":0,"63":0,"64":3,"65":0,"66":0,"67":0,"68":0,"69":0,"70":0,"71":0,"72":0,"73":0,"74":0,"75":0,"76":0,"77":0,"78":0,"79":0,"80":0,"81":13,"82":13},"f":{"0":0,"1":0,"2":0,"3":4,"4":2,"5":0,"6":0,"7":0,"8":13},"b":{"0":[0,0],"1":[3,1],"2":[3,0],"3":[1,1],"4":[0,1],"5":[0,0],"6":[0,0],"7":[13,2]},"_coverageSchema":"1a1c01bbd47fc00a2c39e90264f33305004495a9","hash":"5f3c742f99b60086ea2b4085023e7d9bd5c19ff7"}
}
