TN:
SF:index.js
FN:23,(anonymous_0)
FN:44,oo_cm
FNF:2
FNH:2
FNDA:1,(anonymous_0)
FNDA:1,oo_cm
DA:9,3
DA:11,3
DA:12,3
DA:14,3
DA:19,3
DA:20,3
DA:21,3
DA:23,3
DA:24,1
DA:25,1
DA:26,1
DA:28,0
DA:29,0
DA:33,3
DA:34,3
DA:44,1
LF:16
LH:14
BRDA:44,0,0,1
BRDA:44,0,1,1
BRF:2
BRH:2
end_of_record
TN:
SF:controllers/user.controller.js
FN:5,(anonymous_0)
FN:8,(anonymous_1)
FN:23,(anonymous_2)
FN:36,(anonymous_3)
FN:73,(anonymous_4)
FN:105,(anonymous_5)
FN:117,(anonymous_6)
FN:134,(anonymous_7)
FN:184,oo_cm
FNF:9
FNH:3
FNDA:0,(anonymous_0)
FNDA:0,(anonymous_1)
FNDA:0,(anonymous_2)
FNDA:4,(anonymous_3)
FNDA:2,(anonymous_4)
FNDA:0,(anonymous_5)
FNDA:0,(anonymous_6)
FNDA:0,(anonymous_7)
FNDA:13,oo_cm
DA:5,3
DA:6,0
DA:7,0
DA:8,0
DA:9,0
DA:10,0
DA:11,0
DA:13,0
DA:16,0
DA:17,0
DA:23,3
DA:24,0
DA:25,0
DA:26,0
DA:27,0
DA:28,0
DA:29,0
DA:31,0
DA:32,0
DA:36,3
DA:37,4
DA:38,4
DA:39,4
DA:40,4
DA:41,4
DA:42,4
DA:43,3
DA:45,3
DA:46,3
DA:47,3
DA:51,3
DA:60,0
DA:65,1
DA:68,0
DA:69,0
DA:73,3
DA:74,2
DA:75,2
DA:76,2
DA:77,2
DA:78,2
DA:79,2
DA:80,1
DA:84,1
DA:85,1
DA:91,1
DA:92,0
DA:94,1
DA:95,1
DA:96,1
DA:98,0
DA:99,0
DA:105,3
DA:106,0
DA:107,0
DA:112,0
DA:113,0
DA:117,3
DA:118,0
DA:119,0
DA:120,0
DA:121,0
DA:126,0
DA:127,0
DA:134,3
DA:135,0
DA:136,0
DA:137,0
DA:138,0
DA:140,0
DA:146,0
DA:148,0
DA:150,0
DA:153,0
DA:159,0
DA:160,0
DA:164,0
DA:167,0
DA:168,0
DA:174,0
DA:175,0
DA:184,13
LF:82
LH:33
BRDA:9,0,0,0
BRDA:9,0,1,0
BRDA:42,1,0,3
BRDA:42,1,1,1
BRDA:45,2,0,3
BRDA:45,2,1,0
BRDA:79,3,0,1
BRDA:79,3,1,1
BRDA:91,4,0,0
BRDA:91,4,1,1
BRDA:146,5,0,0
BRDA:146,5,1,0
BRDA:159,6,0,0
BRDA:159,6,1,0
BRDA:184,7,0,13
BRDA:184,7,1,2
BRF:16
BRH:8
end_of_record
